<?xml version="1.0" encoding="UTF-8"?>
<coverage generated="1679969039875" clover="3.2.0">
  <project timestamp="1679969039875" name="All files">
    <metrics statements="24" coveredstatements="24" conditionals="12" coveredconditionals="12" methods="10" coveredmethods="7" elements="46" coveredelements="43" complexity="0" loc="24" ncloc="24" packages="1" files="2" classes="2"/>
    <file name="FigureCalculator.js" path="C:\Satria\Project\Back-end\Belajar\math-api-new\src\FigureCalculator.js">
      <metrics statements="8" coveredstatements="8" conditionals="6" coveredconditionals="6" methods="5" coveredmethods="2"/>
      <line num="3" count="4" type="stmt"/>
      <line num="7" count="7" type="cond" truecount="2" falsecount="0"/>
      <line num="8" count="3" type="stmt"/>
      <line num="10" count="4" type="stmt"/>
      <line num="12" count="4" type="cond" truecount="4" falsecount="0"/>
      <line num="13" count="3" type="stmt"/>
      <line num="17" count="1" type="stmt"/>
      <line num="25" count="1" type="stmt"/>
    </file>
    <file name="MathBasic.js" path="C:\Satria\Project\Back-end\Belajar\math-api-new\src\MathBasic.js">
      <metrics statements="16" coveredstatements="16" conditionals="6" coveredconditionals="6" methods="5" coveredmethods="5"/>
      <line num="1" count="2" type="stmt"/>
      <line num="3" count="42" type="cond" truecount="2" falsecount="0"/>
      <line num="4" count="16" type="stmt"/>
      <line num="7" count="26" type="stmt"/>
      <line num="9" count="26" type="cond" truecount="4" falsecount="0"/>
      <line num="10" count="12" type="stmt"/>
      <line num="12" count="14" type="stmt"/>
      <line num="15" count="11" type="stmt"/>
      <line num="16" count="4" type="stmt"/>
      <line num="19" count="10" type="stmt"/>
      <line num="20" count="3" type="stmt"/>
      <line num="23" count="11" type="stmt"/>
      <line num="24" count="4" type="stmt"/>
      <line num="27" count="10" type="stmt"/>
      <line num="28" count="3" type="stmt"/>
      <line num="32" count="2" type="stmt"/>
    </file>
  </project>
</coverage>
