{"C:\\Satria\\Project\\Back-end\\Belajar\\math-api-new\\src\\FigureCalculator.js": {"path":"C:\\Satria\\Project\\Back-end\\Belajar\\math-api-new\\src\\FigureCalculator.js","statementMap":{"0":{"start":{"line":3,"column":2},"end":{"line":3,"column":30}},"1":{"start":{"line":7,"column":2},"end":{"line":9,"column":3}},"2":{"start":{"line":8,"column":3},"end":{"line":8,"column":75}},"3":{"start":{"line":11,"column":2},"end":{"line":15,"column":5}},"4":{"start":{"line":12,"column":3},"end":{"line":14,"column":4}},"5":{"start":{"line":13,"column":4},"end":{"line":13,"column":62}},"6":{"start":{"line":17,"column":2},"end":{"line":17,"column":14}},"7":{"start":{"line":21,"column":26},"end":{"line":21,"column":51}},"8":{"start":{"line":24,"column":2},"end":{"line":24,"column":73}},"9":{"start":{"line":28,"column":26},"end":{"line":28,"column":51}},"10":{"start":{"line":31,"column":2},"end":{"line":31,"column":49}},"11":{"start":{"line":35,"column":31},"end":{"line":35,"column":56}},"12":{"start":{"line":38,"column":2},"end":{"line":38,"column":70}},"13":{"start":{"line":42,"column":25},"end":{"line":42,"column":50}},"14":{"start":{"line":45,"column":2},"end":{"line":45,"column":75}},"15":{"start":{"line":49,"column":0},"end":{"line":49,"column":34}}},"fnMap":{"0":{"name":"(anonymous_0)","decl":{"start":{"line":2,"column":1},"end":{"line":2,"column":2}},"loc":{"start":{"line":2,"column":24},"end":{"line":4,"column":2}},"line":2},"1":{"name":"(anonymous_1)","decl":{"start":{"line":6,"column":1},"end":{"line":6,"column":2}},"loc":{"start":{"line":6,"column":38},"end":{"line":18,"column":2}},"line":6},"2":{"name":"(anonymous_2)","decl":{"start":{"line":11,"column":15},"end":{"line":11,"column":16}},"loc":{"start":{"line":11,"column":24},"end":{"line":15,"column":3}},"line":11},"3":{"name":"(anonymous_3)","decl":{"start":{"line":20,"column":1},"end":{"line":20,"column":2}},"loc":{"start":{"line":20,"column":38},"end":{"line":25,"column":2}},"line":20},"4":{"name":"(anonymous_4)","decl":{"start":{"line":27,"column":1},"end":{"line":27,"column":2}},"loc":{"start":{"line":27,"column":33},"end":{"line":32,"column":2}},"line":27},"5":{"name":"(anonymous_5)","decl":{"start":{"line":34,"column":1},"end":{"line":34,"column":2}},"loc":{"start":{"line":34,"column":37},"end":{"line":39,"column":2}},"line":34},"6":{"name":"(anonymous_6)","decl":{"start":{"line":41,"column":1},"end":{"line":41,"column":2}},"loc":{"start":{"line":41,"column":32},"end":{"line":46,"column":2}},"line":41}},"branchMap":{"0":{"loc":{"start":{"line":7,"column":2},"end":{"line":9,"column":3}},"type":"if","locations":[{"start":{"line":7,"column":2},"end":{"line":9,"column":3}},{"start":{},"end":{}}],"line":7},"1":{"loc":{"start":{"line":12,"column":3},"end":{"line":14,"column":4}},"type":"if","locations":[{"start":{"line":12,"column":3},"end":{"line":14,"column":4}},{"start":{},"end":{}}],"line":12}},"s":{"0":13,"1":29,"2":13,"3":16,"4":22,"5":12,"6":4,"7":7,"8":1,"9":7,"10":1,"11":8,"12":1,"13":7,"14":1,"15":1},"f":{"0":13,"1":29,"2":22,"3":7,"4":7,"5":8,"6":7},"b":{"0":[13,16],"1":[12,10]},"_coverageSchema":"1a1c01bbd47fc00a2c39e90264f33305004495a9","hash":"1641985284d5830189323042e1482537a8dd2e0d"}
,"C:\\Satria\\Project\\Back-end\\Belajar\\math-api-new\\src\\MathBasic.js": {"path":"C:\\Satria\\Project\\Back-end\\Belajar\\math-api-new\\src\\MathBasic.js","statementMap":{"0":{"start":{"line":1,"column":18},"end":{"line":30,"column":1}},"1":{"start":{"line":3,"column":2},"end":{"line":5,"column":3}},"2":{"start":{"line":4,"column":3},"end":{"line":4,"column":58}},"3":{"start":{"line":7,"column":17},"end":{"line":7,"column":21}},"4":{"start":{"line":9,"column":2},"end":{"line":11,"column":3}},"5":{"start":{"line":10,"column":3},"end":{"line":10,"column":61}},"6":{"start":{"line":12,"column":2},"end":{"line":12,"column":14}},"7":{"start":{"line":15,"column":17},"end":{"line":15,"column":41}},"8":{"start":{"line":16,"column":2},"end":{"line":16,"column":15}},"9":{"start":{"line":19,"column":17},"end":{"line":19,"column":41}},"10":{"start":{"line":20,"column":2},"end":{"line":20,"column":15}},"11":{"start":{"line":23,"column":17},"end":{"line":23,"column":41}},"12":{"start":{"line":24,"column":2},"end":{"line":24,"column":15}},"13":{"start":{"line":27,"column":17},"end":{"line":27,"column":41}},"14":{"start":{"line":28,"column":2},"end":{"line":28,"column":15}},"15":{"start":{"line":32,"column":0},"end":{"line":32,"column":27}}},"fnMap":{"0":{"name":"(anonymous_0)","decl":{"start":{"line":2,"column":1},"end":{"line":2,"column":2}},"loc":{"start":{"line":2,"column":21},"end":{"line":13,"column":2}},"line":2},"1":{"name":"(anonymous_1)","decl":{"start":{"line":14,"column":1},"end":{"line":14,"column":2}},"loc":{"start":{"line":14,"column":14},"end":{"line":17,"column":2}},"line":14},"2":{"name":"(anonymous_2)","decl":{"start":{"line":18,"column":1},"end":{"line":18,"column":2}},"loc":{"start":{"line":18,"column":19},"end":{"line":21,"column":2}},"line":18},"3":{"name":"(anonymous_3)","decl":{"start":{"line":22,"column":1},"end":{"line":22,"column":2}},"loc":{"start":{"line":22,"column":19},"end":{"line":25,"column":2}},"line":22},"4":{"name":"(anonymous_4)","decl":{"start":{"line":26,"column":1},"end":{"line":26,"column":2}},"loc":{"start":{"line":26,"column":17},"end":{"line":29,"column":2}},"line":26}},"branchMap":{"0":{"loc":{"start":{"line":3,"column":2},"end":{"line":5,"column":3}},"type":"if","locations":[{"start":{"line":3,"column":2},"end":{"line":5,"column":3}},{"start":{},"end":{}}],"line":3},"1":{"loc":{"start":{"line":9,"column":2},"end":{"line":11,"column":3}},"type":"if","locations":[{"start":{"line":9,"column":2},"end":{"line":11,"column":3}},{"start":{},"end":{}}],"line":9},"2":{"loc":{"start":{"line":9,"column":6},"end":{"line":9,"column":52}},"type":"binary-expr","locations":[{"start":{"line":9,"column":6},"end":{"line":9,"column":27}},{"start":{"line":9,"column":31},"end":{"line":9,"column":52}}],"line":9}},"s":{"0":2,"1":47,"2":16,"3":31,"4":31,"5":12,"6":19,"7":13,"8":6,"9":10,"10":3,"11":13,"12":6,"13":11,"14":4,"15":2},"f":{"0":47,"1":13,"2":10,"3":13,"4":11},"b":{"0":[16,31],"1":[12,19],"2":[31,19]},"_coverageSchema":"1a1c01bbd47fc00a2c39e90264f33305004495a9","hash":"b40f0b3f68b5c93bda67a3d2cf0ce11544d40bcc"}
}
