TN:
SF:src\FigureCalculator.js
FN:2,(anonymous_0)
FN:6,(anonymous_1)
FN:20,(anonymous_2)
FN:21,(anonymous_3)
FN:22,(anonymous_4)
FNF:5
FNH:2
FNDA:4,(anonymous_0)
FNDA:7,(anonymous_1)
FNDA:0,(anonymous_2)
FNDA:0,(anonymous_3)
FNDA:0,(anonymous_4)
DA:3,4
DA:7,7
DA:8,3
DA:10,4
DA:12,4
DA:13,3
DA:17,1
DA:25,1
LF:8
LH:8
BRDA:7,0,0,3
BRDA:7,0,1,4
BRDA:12,1,0,3
BRDA:12,1,1,1
BRDA:12,2,0,4
BRDA:12,2,1,1
BRF:6
BRH:6
end_of_record
TN:
SF:src\MathBasic.js
FN:2,(anonymous_0)
FN:14,(anonymous_1)
FN:18,(anonymous_2)
FN:22,(anonymous_3)
FN:26,(anonymous_4)
FNF:5
FNH:5
FNDA:42,(anonymous_0)
FNDA:11,(anonymous_1)
FNDA:10,(anonymous_2)
FNDA:11,(anonymous_3)
FNDA:10,(anonymous_4)
DA:1,2
DA:3,42
DA:4,16
DA:7,26
DA:9,26
DA:10,12
DA:12,14
DA:15,11
DA:16,4
DA:19,10
DA:20,3
DA:23,11
DA:24,4
DA:27,10
DA:28,3
DA:32,2
LF:16
LH:16
BRDA:3,0,0,16
BRDA:3,0,1,26
BRDA:9,1,0,12
BRDA:9,1,1,14
BRDA:9,2,0,26
BRDA:9,2,1,14
BRF:6
BRH:6
end_of_record
